<?xml version="1.0" encoding="UTF-8"?>
<testng-results skipped="0" failed="1" ignored="0" total="3" passed="2">
  <reporter-output>
  </reporter-output>
  <suite name="Default suite" duration-ms="5582" started-at="2022-12-31T15:07:36 EST" finished-at="2022-12-31T15:07:41 EST">
    <groups>
    </groups>
    <test name="Default test" duration-ms="5582" started-at="2022-12-31T15:07:36 EST" finished-at="2022-12-31T15:07:41 EST">
      <class name="datadriventesting.DataDrivenTest">
        <test-method status="FAIL" signature="addNewEmployees(java.lang.String,java.lang.String,java.lang.String)[pri:0, instance:datadriventesting.DataDrivenTest@34cd072c]" name="addNewEmployees" duration-ms="3471" started-at="2022-12-31T15:07:37 EST" data-provider="empdataprovider" finished-at="2022-12-31T15:07:40 EST">
          <params>
            <param index="0">
              <value>
                <![CDATA[JOHN]]>
              </value>
            </param>
            <param index="1">
              <value>
                <![CDATA[10000.0]]>
              </value>
            </param>
            <param index="2">
              <value>
                <![CDATA[27.0]]>
              </value>
            </param>
          </params>
          <exception class="java.lang.AssertionError">
            <message>
              <![CDATA[expected [true] but found [false]]]>
            </message>
            <full-stacktrace>
              <![CDATA[java.lang.AssertionError: expected [true] but found [false]
at org.testng.Assert.fail(Assert.java:99)
at org.testng.Assert.failNotEquals(Assert.java:1037)
at org.testng.Assert.assertEqualsImpl(Assert.java:140)
at org.testng.Assert.assertEquals(Assert.java:122)
at org.testng.Assert.assertEquals(Assert.java:819)
at org.testng.Assert.assertEquals(Assert.java:829)
at datadriventesting.DataDrivenTest.addNewEmployees(DataDrivenTest.java:43)
at sun.reflect.NativeMethodAccessorImpl.invoke0(Native Method)
at sun.reflect.NativeMethodAccessorImpl.invoke(NativeMethodAccessorImpl.java:62)
at sun.reflect.DelegatingMethodAccessorImpl.invoke(DelegatingMethodAccessorImpl.java:43)
at java.lang.reflect.Method.invoke(Method.java:498)
at org.testng.internal.MethodInvocationHelper.invokeMethod(MethodInvocationHelper.java:133)
at org.testng.internal.TestInvoker.invokeMethod(TestInvoker.java:598)
at org.testng.internal.TestInvoker.invokeTestMethod(TestInvoker.java:173)
at org.testng.internal.MethodRunner.runInSequence(MethodRunner.java:46)
at org.testng.internal.TestInvoker$MethodInvocationAgent.invoke(TestInvoker.java:824)
at org.testng.internal.TestInvoker.invokeTestMethods(TestInvoker.java:146)
at org.testng.internal.TestMethodWorker.invokeTestMethods(TestMethodWorker.java:146)
at org.testng.internal.TestMethodWorker.run(TestMethodWorker.java:128)
at java.util.ArrayList.forEach(ArrayList.java:1257)
at org.testng.TestRunner.privateRun(TestRunner.java:794)
at org.testng.TestRunner.run(TestRunner.java:596)
at org.testng.SuiteRunner.runTest(SuiteRunner.java:377)
at org.testng.SuiteRunner.runSequentially(SuiteRunner.java:371)
at org.testng.SuiteRunner.privateRun(SuiteRunner.java:332)
at org.testng.SuiteRunner.run(SuiteRunner.java:276)
at org.testng.SuiteRunnerWorker.runSuite(SuiteRunnerWorker.java:53)
at org.testng.SuiteRunnerWorker.run(SuiteRunnerWorker.java:96)
at org.testng.TestNG.runSuitesSequentially(TestNG.java:1212)
at org.testng.TestNG.runSuitesLocally(TestNG.java:1134)
at org.testng.TestNG.runSuites(TestNG.java:1063)
at org.testng.TestNG.run(TestNG.java:1031)
at org.testng.remote.AbstractRemoteTestNG.run(AbstractRemoteTestNG.java:115)
at org.testng.remote.RemoteTestNG.initAndRun(RemoteTestNG.java:251)
at org.testng.remote.RemoteTestNG.main(RemoteTestNG.java:77)
]]>
            </full-stacktrace>
          </exception> <!-- java.lang.AssertionError -->
          <reporter-output>
          </reporter-output>
        </test-method> <!-- addNewEmployees -->
        <test-method status="PASS" signature="addNewEmployees(java.lang.String,java.lang.String,java.lang.String)[pri:0, instance:datadriventesting.DataDrivenTest@34cd072c]" name="addNewEmployees" duration-ms="608" started-at="2022-12-31T15:07:40 EST" data-provider="empdataprovider" finished-at="2022-12-31T15:07:41 EST">
          <params>
            <param index="0">
              <value>
                <![CDATA[DAVID]]>
              </value>
            </param>
            <param index="1">
              <value>
                <![CDATA[30000.0]]>
              </value>
            </param>
            <param index="2">
              <value>
                <![CDATA[36.0]]>
              </value>
            </param>
          </params>
          <reporter-output>
          </reporter-output>
        </test-method> <!-- addNewEmployees -->
        <test-method status="PASS" signature="addNewEmployees(java.lang.String,java.lang.String,java.lang.String)[pri:0, instance:datadriventesting.DataDrivenTest@34cd072c]" name="addNewEmployees" duration-ms="593" started-at="2022-12-31T15:07:41 EST" data-provider="empdataprovider" finished-at="2022-12-31T15:07:41 EST">
          <params>
            <param index="0">
              <value>
                <![CDATA[SMITH]]>
              </value>
            </param>
            <param index="1">
              <value>
                <![CDATA[35000.0]]>
              </value>
            </param>
            <param index="2">
              <value>
                <![CDATA[48.0]]>
              </value>
            </param>
          </params>
          <reporter-output>
          </reporter-output>
        </test-method> <!-- addNewEmployees -->
      </class> <!-- datadriventesting.DataDrivenTest -->
    </test> <!-- Default test -->
  </suite> <!-- Default suite -->
</testng-results>
